<?xml version="1.0" encoding="UTF-8"?>
<testng-results ignored="0" total="1" passed="1" failed="0" skipped="0">
  <reporter-output>
    <line>
      <![CDATA[======== Launch Browser ==============]]>
    </line>
    <line>
      <![CDATA[============CLOSE Browser=============]]>
    </line>
  </reporter-output>
  <suite started-at="2021-11-13T15:56:56 IST" name="Default suite" finished-at="2021-11-13T15:58:25 IST" duration-ms="89581">
    <groups>
    </groups>
    <test started-at="2021-11-13T15:56:56 IST" name="Default test" finished-at="2021-11-13T15:58:25 IST" duration-ms="89581">
      <class name="com.tutorialPoint.TC.TC_01">
        <test-method is-config="true" signature="openBrowser()[pri:0, instance:com.tutorialPoint.TC.TC_01@550ee7e5]" started-at="2021-11-13T15:56:56 IST" name="openBrowser" finished-at="2021-11-13T15:57:25 IST" duration-ms="29142" status="PASS">
          <reporter-output>
            <line>
              <![CDATA[======== Launch Browser ==============]]>
            </line>
          </reporter-output>
        </test-method> <!-- openBrowser -->
        <test-method signature="validatOptionTest()[pri:0, instance:com.tutorialPoint.TC.TC_01@550ee7e5]" started-at="2021-11-13T15:57:25 IST" name="validatOptionTest" finished-at="2021-11-13T15:58:24 IST" duration-ms="59087" status="PASS">
          <reporter-output>
          </reporter-output>
        </test-method> <!-- validatOptionTest -->
        <test-method is-config="true" signature="closeBrowser()[pri:0, instance:com.tutorialPoint.TC.TC_01@550ee7e5]" started-at="2021-11-13T15:58:24 IST" name="closeBrowser" finished-at="2021-11-13T15:58:25 IST" duration-ms="1014" status="PASS">
          <reporter-output>
            <line>
              <![CDATA[============CLOSE Browser=============]]>
            </line>
          </reporter-output>
        </test-method> <!-- closeBrowser -->
      </class> <!-- com.tutorialPoint.TC.TC_01 -->
    </test> <!-- Default test -->
  </suite> <!-- Default suite -->
</testng-results>
